c:\users\趙博かん\desktop\hew-master2\hew4-2\debug\vc141.pdb
c:\users\趙博かん\desktop\hew-master2\hew4-2\debug\vc141.idb
c:\users\趙博かん\desktop\hew-master2\hew4-2\debug\title.obj
c:\users\趙博かん\desktop\hew-master2\hew4-2\debug\texture.obj
c:\users\趙博かん\desktop\hew-master2\hew4-2\debug\start.obj
c:\users\趙博かん\desktop\hew-master2\hew4-2\debug\sprite.obj
c:\users\趙博かん\desktop\hew-master2\hew4-2\debug\score.obj
c:\users\趙博かん\desktop\hew-master2\hew4-2\debug\scene.obj
c:\users\趙博かん\desktop\hew-master2\hew4-2\debug\result.obj
c:\users\趙博かん\desktop\hew-master2\hew4-2\debug\player.obj
c:\users\趙博かん\desktop\hew-master2\hew4-2\debug\mydirect3d.obj
c:\users\趙博かん\desktop\hew-master2\hew4-2\debug\main.obj
c:\users\趙博かん\desktop\hew-master2\hew4-2\debug\light.obj
c:\users\趙博かん\desktop\hew-master2\hew4-2\debug\input.obj
c:\users\趙博かん\desktop\hew-master2\hew4-2\debug\ground.obj
c:\users\趙博かん\desktop\hew-master2\hew4-2\debug\grid.obj
c:\users\趙博かん\desktop\hew-master2\hew4-2\debug\game.obj
c:\users\趙博かん\desktop\hew-master2\hew4-2\debug\fade.obj
c:\users\趙博かん\desktop\hew-master2\hew4-2\debug\drink.obj
c:\users\趙博かん\desktop\hew-master2\hew4-2\debug\debugproc.obj
c:\users\趙博かん\desktop\hew-master2\hew4-2\debug\camera2.obj
c:\users\趙博かん\desktop\hew-master2\hew4-2\debug\camera.obj
c:\users\趙博かん\desktop\hew-master2\hew4-2\debug\meter.obj
c:\users\趙博かん\desktop\hew-master2\hew4-2\debug\hew4-2.pdb
c:\users\趙博かん\desktop\hew-master2\hew4-2\debug\hew4-2.tlog\cl.command.1.tlog
c:\users\趙博かん\desktop\hew-master2\hew4-2\debug\hew4-2.tlog\cl.read.1.tlog
c:\users\趙博かん\desktop\hew-master2\hew4-2\debug\hew4-2.tlog\cl.write.1.tlog
c:\users\趙博かん\desktop\hew-master2\hew4-2\debug\hew4-2.tlog\link.42436-cvtres.read.1.tlog
c:\users\趙博かん\desktop\hew-master2\hew4-2\debug\hew4-2.tlog\link.42436-cvtres.write.1.tlog
c:\users\趙博かん\desktop\hew-master2\hew4-2\debug\hew4-2.tlog\link.42436-rc.read.1.tlog
c:\users\趙博かん\desktop\hew-master2\hew4-2\debug\hew4-2.tlog\link.42436-rc.write.1.tlog
c:\users\趙博かん\desktop\hew-master2\hew4-2\debug\hew4-2.tlog\link.42436.read.1.tlog
c:\users\趙博かん\desktop\hew-master2\hew4-2\debug\hew4-2.tlog\link.42436.write.1.tlog
c:\users\趙博かん\desktop\hew-master2\hew4-2\debug\hew4-2.tlog\link.command.1.tlog
c:\users\趙博かん\desktop\hew-master2\hew4-2\debug\hew4-2.tlog\link.read.1.tlog
c:\users\趙博かん\desktop\hew-master2\hew4-2\debug\hew4-2.tlog\link.write.1.tlog
